2023-07-24 19:45:38,530 - aiogram.dispatcher.dispatcher - INFO - Start polling.
2023-07-24 19:59:15,625 - aiogram.dispatcher.dispatcher - INFO - Start polling.
2023-07-24 20:05:19,041 - aiogram.dispatcher.dispatcher - INFO - Start polling.
2023-07-24 20:35:39,490 - aiogram.dispatcher.dispatcher - INFO - Start polling.
2023-07-24 21:30:47,493 - aiogram - INFO - Bot: RHTeam Bot 🔋 [@rht_info_bot]
2023-07-24 21:30:47,493 - root - INFO - <aiogram.dispatcher.dispatcher.Dispatcher object at 0x7f5f94326e90>
2023-07-24 21:30:47,493 - root - INFO - RHTeam info bot starting...
2023-07-24 21:30:47,493 - aiogram.dispatcher.dispatcher - INFO - Start polling.
2023-07-24 21:54:15,282 - aiogram - INFO - Bot: RHTeam Bot 🔋 [@rht_info_bot]
2023-07-24 21:54:15,282 - root - WARNING - Shutting down..
2023-07-24 21:54:15,337 - root - WARNING - System shutdowned!
2023-07-24 21:54:15,338 - aiogram - WARNING - Goodbye!
2023-07-24 21:54:25,216 - aiogram - INFO - Bot: RHTeam Bot 🔋 [@rht_info_bot]
2023-07-24 21:54:25,216 - root - WARNING - Shutting down..
2023-07-24 21:54:25,263 - root - WARNING - System shutdowned!
2023-07-24 21:54:25,264 - aiogram - WARNING - Goodbye!
2023-07-24 21:54:35,342 - aiogram - INFO - Bot: RHTeam Bot 🔋 [@rht_info_bot]
2023-07-24 21:54:35,342 - root - WARNING - Shutting down..
2023-07-24 21:54:35,392 - root - WARNING - System shutdowned!
2023-07-24 21:54:35,392 - aiogram - WARNING - Goodbye!
2023-07-24 21:54:45,487 - aiogram - INFO - Bot: RHTeam Bot 🔋 [@rht_info_bot]
2023-07-24 21:54:45,487 - root - WARNING - Shutting down..
2023-07-24 21:54:45,542 - root - WARNING - System shutdowned!
2023-07-24 21:54:45,543 - aiogram - WARNING - Goodbye!
2023-07-24 21:54:55,484 - aiogram - INFO - Bot: RHTeam Bot 🔋 [@rht_info_bot]
2023-07-24 21:54:55,484 - root - WARNING - Shutting down..
2023-07-24 21:54:55,532 - root - WARNING - System shutdowned!
2023-07-24 21:54:55,532 - aiogram - WARNING - Goodbye!
2023-07-24 21:55:05,706 - aiogram - INFO - Bot: RHTeam Bot 🔋 [@rht_info_bot]
2023-07-24 21:55:05,707 - root - WARNING - Shutting down..
2023-07-24 21:55:05,753 - root - WARNING - System shutdowned!
2023-07-24 21:55:05,753 - aiogram - WARNING - Goodbye!
2023-07-24 21:55:15,667 - aiogram - INFO - Bot: RHTeam Bot 🔋 [@rht_info_bot]
2023-07-24 21:55:15,667 - root - WARNING - Shutting down..
2023-07-24 21:55:15,729 - root - WARNING - System shutdowned!
2023-07-24 21:55:15,729 - aiogram - WARNING - Goodbye!
2023-07-24 21:55:25,731 - aiogram - INFO - Bot: RHTeam Bot 🔋 [@rht_info_bot]
2023-07-24 21:55:25,731 - root - WARNING - Shutting down..
2023-07-24 21:55:25,782 - root - WARNING - System shutdowned!
2023-07-24 21:55:25,783 - aiogram - WARNING - Goodbye!
2023-07-24 21:55:35,750 - aiogram - INFO - Bot: RHTeam Bot 🔋 [@rht_info_bot]
2023-07-24 21:55:35,750 - root - WARNING - Shutting down..
2023-07-24 21:55:35,807 - root - WARNING - System shutdowned!
2023-07-24 21:55:35,807 - aiogram - WARNING - Goodbye!
2023-07-24 21:55:45,554 - aiogram - INFO - Bot: RHTeam Bot 🔋 [@rht_info_bot]
2023-07-24 21:55:45,554 - root - WARNING - Shutting down..
2023-07-24 21:55:45,598 - root - WARNING - System shutdowned!
2023-07-24 21:55:45,599 - aiogram - WARNING - Goodbye!
2023-07-24 21:55:55,277 - aiogram - INFO - Bot: RHTeam Bot 🔋 [@rht_info_bot]
2023-07-24 21:55:55,278 - root - WARNING - Shutting down..
2023-07-24 21:55:55,325 - root - WARNING - System shutdowned!
2023-07-24 21:55:55,325 - aiogram - WARNING - Goodbye!
2023-07-24 21:56:05,429 - aiogram - INFO - Bot: RHTeam Bot 🔋 [@rht_info_bot]
2023-07-24 21:56:05,430 - root - WARNING - Shutting down..
2023-07-24 21:56:05,479 - root - WARNING - System shutdowned!
2023-07-24 21:56:05,480 - aiogram - WARNING - Goodbye!
2023-07-24 21:56:15,211 - aiogram - INFO - Bot: RHTeam Bot 🔋 [@rht_info_bot]
2023-07-24 21:56:15,211 - root - WARNING - Shutting down..
2023-07-24 21:56:15,264 - root - WARNING - System shutdowned!
2023-07-24 21:56:15,265 - aiogram - WARNING - Goodbye!
2023-07-24 21:56:25,114 - aiogram - INFO - Bot: RHTeam Bot 🔋 [@rht_info_bot]
2023-07-24 21:56:25,114 - root - WARNING - Shutting down..
2023-07-24 21:56:25,168 - root - WARNING - System shutdowned!
2023-07-24 21:56:25,169 - aiogram - WARNING - Goodbye!
2023-07-24 21:56:35,421 - aiogram - INFO - Bot: RHTeam Bot 🔋 [@rht_info_bot]
2023-07-24 21:56:35,421 - root - WARNING - Shutting down..
2023-07-24 21:56:35,471 - root - WARNING - System shutdowned!
2023-07-24 21:56:35,472 - aiogram - WARNING - Goodbye!
2023-07-24 21:56:45,392 - aiogram - INFO - Bot: RHTeam Bot 🔋 [@rht_info_bot]
2023-07-24 21:56:45,393 - root - WARNING - Shutting down..
2023-07-24 21:56:45,446 - root - WARNING - System shutdowned!
2023-07-24 21:56:45,446 - aiogram - WARNING - Goodbye!
2023-07-24 21:56:55,384 - aiogram - INFO - Bot: RHTeam Bot 🔋 [@rht_info_bot]
2023-07-24 21:56:55,385 - root - WARNING - Shutting down..
2023-07-24 21:56:55,434 - root - WARNING - System shutdowned!
2023-07-24 21:56:55,435 - aiogram - WARNING - Goodbye!
2023-07-24 21:57:05,752 - aiogram - INFO - Bot: RHTeam Bot 🔋 [@rht_info_bot]
2023-07-24 21:57:05,753 - root - WARNING - Shutting down..
2023-07-24 21:57:05,802 - root - WARNING - System shutdowned!
2023-07-24 21:57:05,803 - aiogram - WARNING - Goodbye!
2023-07-24 21:57:15,626 - aiogram - INFO - Bot: RHTeam Bot 🔋 [@rht_info_bot]
2023-07-24 21:57:15,627 - root - WARNING - Shutting down..
2023-07-24 21:57:15,680 - root - WARNING - System shutdowned!
2023-07-24 21:57:15,681 - aiogram - WARNING - Goodbye!
2023-07-24 21:57:25,870 - aiogram - INFO - Bot: RHTeam Bot 🔋 [@rht_info_bot]
2023-07-24 21:57:25,870 - root - WARNING - Shutting down..
2023-07-24 21:57:25,919 - root - WARNING - System shutdowned!
2023-07-24 21:57:25,919 - aiogram - WARNING - Goodbye!
2023-07-24 21:57:35,811 - aiogram - INFO - Bot: RHTeam Bot 🔋 [@rht_info_bot]
2023-07-24 21:57:35,811 - root - WARNING - Shutting down..
2023-07-24 21:57:35,862 - root - WARNING - System shutdowned!
2023-07-24 21:57:35,863 - aiogram - WARNING - Goodbye!
2023-07-24 21:57:45,584 - aiogram - INFO - Bot: RHTeam Bot 🔋 [@rht_info_bot]
2023-07-24 21:57:45,584 - root - WARNING - Shutting down..
2023-07-24 21:57:45,638 - root - WARNING - System shutdowned!
2023-07-24 21:57:45,639 - aiogram - WARNING - Goodbye!
2023-07-24 21:57:55,816 - aiogram - INFO - Bot: RHTeam Bot 🔋 [@rht_info_bot]
2023-07-24 21:57:55,817 - root - WARNING - Shutting down..
2023-07-24 21:57:55,862 - root - WARNING - System shutdowned!
2023-07-24 21:57:55,863 - aiogram - WARNING - Goodbye!
2023-07-24 21:58:05,904 - aiogram - INFO - Bot: RHTeam Bot 🔋 [@rht_info_bot]
2023-07-24 21:58:05,905 - root - WARNING - Shutting down..
2023-07-24 21:58:05,957 - root - WARNING - System shutdowned!
2023-07-24 21:58:05,958 - aiogram - WARNING - Goodbye!
2023-07-24 21:58:16,042 - aiogram - INFO - Bot: RHTeam Bot 🔋 [@rht_info_bot]
2023-07-24 21:58:16,042 - root - WARNING - Shutting down..
2023-07-24 21:58:16,091 - root - WARNING - System shutdowned!
2023-07-24 21:58:16,092 - aiogram - WARNING - Goodbye!
2023-07-24 21:58:25,779 - aiogram.dispatcher.dispatcher - INFO - Start polling.
2023-07-24 21:58:42,402 - aiogram.dispatcher.dispatcher - INFO - Start polling.
2023-07-24 22:20:51,892 - aiogram - INFO - Bot: RHTeam Bot 🔋 [@rht_info_bot]
2023-07-24 22:20:51,892 - root - INFO - <aiogram.dispatcher.dispatcher.Dispatcher object at 0x7fd7f3a76bf0>
2023-07-24 22:20:51,892 - root - INFO - RHTeam info bot starting...
2023-07-24 22:20:51,892 - aiogram.dispatcher.dispatcher - INFO - Start polling.
2023-07-24 22:23:16,676 - aiogram - INFO - Bot: RHTeam Bot 🔋 [@rht_info_bot]
2023-07-24 22:23:16,676 - root - INFO - <aiogram.dispatcher.dispatcher.Dispatcher object at 0x7fa89d722b60>
2023-07-24 22:23:16,676 - root - INFO - RHTeam info bot starting...
2023-07-24 22:23:16,676 - aiogram.dispatcher.dispatcher - INFO - Start polling.
